2019-08-09 AM 12:56:48
 
Log
Manager - Drop Meat!
UnityEngine.Debug:Log(Object)
MLTestManager:DropMeat() (at Assets/Scripts/ML/MLTestManager.cs:58)

Log
Manager - Drop Feed!
UnityEngine.Debug:Log(Object)
MLTestManager:DropFeed() (at Assets/Scripts/ML/MLTestManager.cs:66)

Warning
The AnimationClip 'Arm_bear|attack_1' used by the Animation component 'Low_Bear_v01' must be marked as Legacy.
UnityEngine.Object:Instantiate(GameObject, Vector3, Quaternion)
MLTestManager:Update() (at Assets/Scripts/ML/MLTestManager.cs:43)

Warning
The AnimationClip 'Arm_bear|attack_2' used by the Animation component 'Low_Bear_v01' must be marked as Legacy.
UnityEngine.Object:Instantiate(GameObject, Vector3, Quaternion)
MLTestManager:Update() (at Assets/Scripts/ML/MLTestManager.cs:43)

Warning
The AnimationClip 'Arm_bear|attack_3' used by the Animation component 'Low_Bear_v01' must be marked as Legacy.
UnityEngine.Object:Instantiate(GameObject, Vector3, Quaternion)
MLTestManager:Update() (at Assets/Scripts/ML/MLTestManager.cs:43)

Warning
The AnimationClip 'Arm_bear|attack_4' used by the Animation component 'Low_Bear_v01' must be marked as Legacy.
UnityEngine.Object:Instantiate(GameObject, Vector3, Quaternion)
MLTestManager:Update() (at Assets/Scripts/ML/MLTestManager.cs:43)

Warning
The AnimationClip 'Arm_bear|dead_1' used by the Animation component 'Low_Bear_v01' must be marked as Legacy.
UnityEngine.Object:Instantiate(GameObject, Vector3, Quaternion)
MLTestManager:Update() (at Assets/Scripts/ML/MLTestManager.cs:43)

Warning
The AnimationClip 'Arm_bear|dead_2' used by the Animation component 'Low_Bear_v01' must be marked as Legacy.
UnityEngine.Object:Instantiate(GameObject, Vector3, Quaternion)
MLTestManager:Update() (at Assets/Scripts/ML/MLTestManager.cs:43)

Warning
The AnimationClip 'Arm_bear|dead_3' used by the Animation component 'Low_Bear_v01' must be marked as Legacy.
UnityEngine.Object:Instantiate(GameObject, Vector3, Quaternion)
MLTestManager:Update() (at Assets/Scripts/ML/MLTestManager.cs:43)

Warning
The AnimationClip 'Arm_bear|down' used by the Animation component 'Low_Bear_v01' must be marked as Legacy.
UnityEngine.Object:Instantiate(GameObject, Vector3, Quaternion)
MLTestManager:Update() (at Assets/Scripts/ML/MLTestManager.cs:43)

Warning
The AnimationClip 'Arm_bear|eat' used by the Animation component 'Low_Bear_v01' must be marked as Legacy.
UnityEngine.Object:Instantiate(GameObject, Vector3, Quaternion)
MLTestManager:Update() (at Assets/Scripts/ML/MLTestManager.cs:43)

Warning
The AnimationClip 'Arm_bear|hate_1' used by the Animation component 'Low_Bear_v01' must be marked as Legacy.
UnityEngine.Object:Instantiate(GameObject, Vector3, Quaternion)
MLTestManager:Update() (at Assets/Scripts/ML/MLTestManager.cs:43)

Warning
The AnimationClip 'Arm_bear|hate_2' used by the Animation component 'Low_Bear_v01' must be marked as Legacy.
UnityEngine.Object:Instantiate(GameObject, Vector3, Quaternion)
MLTestManager:Update() (at Assets/Scripts/ML/MLTestManager.cs:43)

Warning
The AnimationClip 'Arm_bear|hit_1' used by the Animation component 'Low_Bear_v01' must be marked as Legacy.
UnityEngine.Object:Instantiate(GameObject, Vector3, Quaternion)
MLTestManager:Update() (at Assets/Scripts/ML/MLTestManager.cs:43)

Warning
The AnimationClip 'Arm_bear|hit_2' used by the Animation component 'Low_Bear_v01' must be marked as Legacy.
UnityEngine.Object:Instantiate(GameObject, Vector3, Quaternion)
MLTestManager:Update() (at Assets/Scripts/ML/MLTestManager.cs:43)

Warning
The AnimationClip 'Arm_bear|idle_1' used by the Animation component 'Low_Bear_v01' must be marked as Legacy.
UnityEngine.Object:Instantiate(GameObject, Vector3, Quaternion)
MLTestManager:Update() (at Assets/Scripts/ML/MLTestManager.cs:43)

Warning
The AnimationClip 'Arm_bear|idle_2' used by the Animation component 'Low_Bear_v01' must be marked as Legacy.
UnityEngine.Object:Instantiate(GameObject, Vector3, Quaternion)
MLTestManager:Update() (at Assets/Scripts/ML/MLTestManager.cs:43)

Warning
The AnimationClip 'Arm_bear|idle_3' used by the Animation component 'Low_Bear_v01' must be marked as Legacy.
UnityEngine.Object:Instantiate(GameObject, Vector3, Quaternion)
MLTestManager:Update() (at Assets/Scripts/ML/MLTestManager.cs:43)

Warning
The AnimationClip 'Arm_bear|idle_search' used by the Animation component 'Low_Bear_v01' must be marked as Legacy.
UnityEngine.Object:Instantiate(GameObject, Vector3, Quaternion)
MLTestManager:Update() (at Assets/Scripts/ML/MLTestManager.cs:43)

Warning
The AnimationClip 'Arm_bear|run' used by the Animation component 'Low_Bear_v01' must be marked as Legacy.
UnityEngine.Object:Instantiate(GameObject, Vector3, Quaternion)
MLTestManager:Update() (at Assets/Scripts/ML/MLTestManager.cs:43)

Warning
The AnimationClip 'Arm_bear|sleep_end' used by the Animation component 'Low_Bear_v01' must be marked as Legacy.
UnityEngine.Object:Instantiate(GameObject, Vector3, Quaternion)
MLTestManager:Update() (at Assets/Scripts/ML/MLTestManager.cs:43)

Warning
The AnimationClip 'Arm_bear|sleep_idle' used by the Animation component 'Low_Bear_v01' must be marked as Legacy.
UnityEngine.Object:Instantiate(GameObject, Vector3, Quaternion)
MLTestManager:Update() (at Assets/Scripts/ML/MLTestManager.cs:43)

Warning
The AnimationClip 'Arm_bear|sleep_start' used by the Animation component 'Low_Bear_v01' must be marked as Legacy.
UnityEngine.Object:Instantiate(GameObject, Vector3, Quaternion)
MLTestManager:Update() (at Assets/Scripts/ML/MLTestManager.cs:43)

Warning
The AnimationClip 'Arm_bear|up' used by the Animation component 'Low_Bear_v01' must be marked as Legacy.
UnityEngine.Object:Instantiate(GameObject, Vector3, Quaternion)
MLTestManager:Update() (at Assets/Scripts/ML/MLTestManager.cs:43)

Warning
The AnimationClip 'Arm_bear|walk._1' used by the Animation component 'Low_Bear_v01' must be marked as Legacy.
UnityEngine.Object:Instantiate(GameObject, Vector3, Quaternion)
MLTestManager:Update() (at Assets/Scripts/ML/MLTestManager.cs:43)

Warning
The AnimationClip 'Arm_bear|walk_back' used by the Animation component 'Low_Bear_v01' must be marked as Legacy.
UnityEngine.Object:Instantiate(GameObject, Vector3, Quaternion)
MLTestManager:Update() (at Assets/Scripts/ML/MLTestManager.cs:43)

Warning
The AnimationClip 'Arm_bear|walk_search' used by the Animation component 'Low_Bear_v01' must be marked as Legacy.
UnityEngine.Object:Instantiate(GameObject, Vector3, Quaternion)
MLTestManager:Update() (at Assets/Scripts/ML/MLTestManager.cs:43)

Log
Default clip could not be found in attached animations list.
UnityEngine.Object:Instantiate(GameObject, Vector3, Quaternion)
MLTestManager:Update() (at Assets/Scripts/ML/MLTestManager.cs:43)

Log
Manager - Drop Meat!
UnityEngine.Debug:Log(Object)
MLTestManager:DropMeat() (at Assets/Scripts/ML/MLTestManager.cs:58)

Log
Manager - Drop Feed!
UnityEngine.Debug:Log(Object)
MLTestManager:DropFeed() (at Assets/Scripts/ML/MLTestManager.cs:66)

Log
Manager - Drop Meat!
UnityEngine.Debug:Log(Object)
MLTestManager:DropMeat() (at Assets/Scripts/ML/MLTestManager.cs:58)

Log
Manager - Drop Feed!
UnityEngine.Debug:Log(Object)
MLTestManager:DropFeed() (at Assets/Scripts/ML/MLTestManager.cs:66)

Warning
The AnimationClip 'Arm_bear|attack_1' used by the Animation component 'Low_Bear_v01' must be marked as Legacy.
UnityEngine.Object:Instantiate(GameObject, Vector3, Quaternion)
MLTestManager:Update() (at Assets/Scripts/ML/MLTestManager.cs:43)

Warning
The AnimationClip 'Arm_bear|attack_2' used by the Animation component 'Low_Bear_v01' must be marked as Legacy.
UnityEngine.Object:Instantiate(GameObject, Vector3, Quaternion)
MLTestManager:Update() (at Assets/Scripts/ML/MLTestManager.cs:43)

Warning
The AnimationClip 'Arm_bear|attack_3' used by the Animation component 'Low_Bear_v01' must be marked as Legacy.
UnityEngine.Object:Instantiate(GameObject, Vector3, Quaternion)
MLTestManager:Update() (at Assets/Scripts/ML/MLTestManager.cs:43)

Warning
The AnimationClip 'Arm_bear|attack_4' used by the Animation component 'Low_Bear_v01' must be marked as Legacy.
UnityEngine.Object:Instantiate(GameObject, Vector3, Quaternion)
MLTestManager:Update() (at Assets/Scripts/ML/MLTestManager.cs:43)

Warning
The AnimationClip 'Arm_bear|dead_1' used by the Animation component 'Low_Bear_v01' must be marked as Legacy.
UnityEngine.Object:Instantiate(GameObject, Vector3, Quaternion)
MLTestManager:Update() (at Assets/Scripts/ML/MLTestManager.cs:43)

Warning
The AnimationClip 'Arm_bear|dead_2' used by the Animation component 'Low_Bear_v01' must be marked as Legacy.
UnityEngine.Object:Instantiate(GameObject, Vector3, Quaternion)
MLTestManager:Update() (at Assets/Scripts/ML/MLTestManager.cs:43)

Warning
The AnimationClip 'Arm_bear|dead_3' used by the Animation component 'Low_Bear_v01' must be marked as Legacy.
UnityEngine.Object:Instantiate(GameObject, Vector3, Quaternion)
MLTestManager:Update() (at Assets/Scripts/ML/MLTestManager.cs:43)

Warning
The AnimationClip 'Arm_bear|down' used by the Animation component 'Low_Bear_v01' must be marked as Legacy.
UnityEngine.Object:Instantiate(GameObject, Vector3, Quaternion)
MLTestManager:Update() (at Assets/Scripts/ML/MLTestManager.cs:43)

Warning
The AnimationClip 'Arm_bear|eat' used by the Animation component 'Low_Bear_v01' must be marked as Legacy.
UnityEngine.Object:Instantiate(GameObject, Vector3, Quaternion)
MLTestManager:Update() (at Assets/Scripts/ML/MLTestManager.cs:43)

Warning
The AnimationClip 'Arm_bear|hate_1' used by the Animation component 'Low_Bear_v01' must be marked as Legacy.
UnityEngine.Object:Instantiate(GameObject, Vector3, Quaternion)
MLTestManager:Update() (at Assets/Scripts/ML/MLTestManager.cs:43)

Warning
The AnimationClip 'Arm_bear|hate_2' used by the Animation component 'Low_Bear_v01' must be marked as Legacy.
UnityEngine.Object:Instantiate(GameObject, Vector3, Quaternion)
MLTestManager:Update() (at Assets/Scripts/ML/MLTestManager.cs:43)

Warning
The AnimationClip 'Arm_bear|hit_1' used by the Animation component 'Low_Bear_v01' must be marked as Legacy.
UnityEngine.Object:Instantiate(GameObject, Vector3, Quaternion)
MLTestManager:Update() (at Assets/Scripts/ML/MLTestManager.cs:43)

Warning
The AnimationClip 'Arm_bear|hit_2' used by the Animation component 'Low_Bear_v01' must be marked as Legacy.
UnityEngine.Object:Instantiate(GameObject, Vector3, Quaternion)
MLTestManager:Update() (at Assets/Scripts/ML/MLTestManager.cs:43)

Warning
The AnimationClip 'Arm_bear|idle_1' used by the Animation component 'Low_Bear_v01' must be marked as Legacy.
UnityEngine.Object:Instantiate(GameObject, Vector3, Quaternion)
MLTestManager:Update() (at Assets/Scripts/ML/MLTestManager.cs:43)

Warning
The AnimationClip 'Arm_bear|idle_2' used by the Animation component 'Low_Bear_v01' must be marked as Legacy.
UnityEngine.Object:Instantiate(GameObject, Vector3, Quaternion)
MLTestManager:Update() (at Assets/Scripts/ML/MLTestManager.cs:43)

Warning
The AnimationClip 'Arm_bear|idle_3' used by the Animation component 'Low_Bear_v01' must be marked as Legacy.
UnityEngine.Object:Instantiate(GameObject, Vector3, Quaternion)
MLTestManager:Update() (at Assets/Scripts/ML/MLTestManager.cs:43)

Warning
The AnimationClip 'Arm_bear|idle_search' used by the Animation component 'Low_Bear_v01' must be marked as Legacy.
UnityEngine.Object:Instantiate(GameObject, Vector3, Quaternion)
MLTestManager:Update() (at Assets/Scripts/ML/MLTestManager.cs:43)

Warning
The AnimationClip 'Arm_bear|run' used by the Animation component 'Low_Bear_v01' must be marked as Legacy.
UnityEngine.Object:Instantiate(GameObject, Vector3, Quaternion)
MLTestManager:Update() (at Assets/Scripts/ML/MLTestManager.cs:43)

Warning
The AnimationClip 'Arm_bear|sleep_end' used by the Animation component 'Low_Bear_v01' must be marked as Legacy.
UnityEngine.Object:Instantiate(GameObject, Vector3, Quaternion)
MLTestManager:Update() (at Assets/Scripts/ML/MLTestManager.cs:43)

Warning
The AnimationClip 'Arm_bear|sleep_idle' used by the Animation component 'Low_Bear_v01' must be marked as Legacy.
UnityEngine.Object:Instantiate(GameObject, Vector3, Quaternion)
MLTestManager:Update() (at Assets/Scripts/ML/MLTestManager.cs:43)

Warning
The AnimationClip 'Arm_bear|sleep_start' used by the Animation component 'Low_Bear_v01' must be marked as Legacy.
UnityEngine.Object:Instantiate(GameObject, Vector3, Quaternion)
MLTestManager:Update() (at Assets/Scripts/ML/MLTestManager.cs:43)

Warning
The AnimationClip 'Arm_bear|up' used by the Animation component 'Low_Bear_v01' must be marked as Legacy.
UnityEngine.Object:Instantiate(GameObject, Vector3, Quaternion)
MLTestManager:Update() (at Assets/Scripts/ML/MLTestManager.cs:43)

Warning
The AnimationClip 'Arm_bear|walk._1' used by the Animation component 'Low_Bear_v01' must be marked as Legacy.
UnityEngine.Object:Instantiate(GameObject, Vector3, Quaternion)
MLTestManager:Update() (at Assets/Scripts/ML/MLTestManager.cs:43)

Warning
The AnimationClip 'Arm_bear|walk_back' used by the Animation component 'Low_Bear_v01' must be marked as Legacy.
UnityEngine.Object:Instantiate(GameObject, Vector3, Quaternion)
MLTestManager:Update() (at Assets/Scripts/ML/MLTestManager.cs:43)

Warning
The AnimationClip 'Arm_bear|walk_search' used by the Animation component 'Low_Bear_v01' must be marked as Legacy.
UnityEngine.Object:Instantiate(GameObject, Vector3, Quaternion)
MLTestManager:Update() (at Assets/Scripts/ML/MLTestManager.cs:43)

Log
Default clip could not be found in attached animations list.
UnityEngine.Object:Instantiate(GameObject, Vector3, Quaternion)
MLTestManager:Update() (at Assets/Scripts/ML/MLTestManager.cs:43)

Log
Manager - Drop Meat!
UnityEngine.Debug:Log(Object)
MLTestManager:DropMeat() (at Assets/Scripts/ML/MLTestManager.cs:58)

Log
Manager - Drop Feed!
UnityEngine.Debug:Log(Object)
MLTestManager:DropFeed() (at Assets/Scripts/ML/MLTestManager.cs:66)

Log
Manager - Drop Meat!
UnityEngine.Debug:Log(Object)
MLTestManager:DropMeat() (at Assets/Scripts/ML/MLTestManager.cs:58)

Log
Manager - Drop Feed!
UnityEngine.Debug:Log(Object)
MLTestManager:DropFeed() (at Assets/Scripts/ML/MLTestManager.cs:66)

